[INFO] 15:36:12:270 CLIENTE/(3973:3973): Hola soy un log
[INFO] 16:50:22:015 CLIENTE/(3176:3176): Hola soy un log
[INFO] 16:50:22:033 CLIENTE/(3176:3176): 127.0.0.1
[INFO] 16:50:22:034 CLIENTE/(3176:3176): valor
[INFO] 16:50:22:034 CLIENTE/(3176:3176): 4444
[INFO] 19:11:01:551 CLIENTE/(2757:2757): Hola soy un log
[INFO] 19:11:01:554 CLIENTE/(2757:2757): 127.0.0.1
[INFO] 19:11:01:554 CLIENTE/(2757:2757): valor
[INFO] 19:11:01:554 CLIENTE/(2757:2757): 4444
[INFO] 19:11:47:789 CLIENTE/(2757:2757): hola
[INFO] 19:11:50:324 CLIENTE/(2757:2757): como estas
[INFO] 19:11:53:148 CLIENTE/(2757:2757): soy laullex
[INFO] 19:11:56:770 CLIENTE/(2757:2757): 
[INFO] 19:45:59:036 CLIENTE/(4282:4282): Hola soy un log
[INFO] 19:45:59:039 CLIENTE/(4282:4282): 127.0.0.1
[INFO] 19:45:59:039 CLIENTE/(4282:4282): valor
[INFO] 19:45:59:039 CLIENTE/(4282:4282): 4444
[INFO] 19:48:20:493 CLIENTE/(4535:4535): Hola soy un log
[INFO] 19:48:20:495 CLIENTE/(4535:4535): 127.0.0.1
[INFO] 19:48:20:495 CLIENTE/(4535:4535): valor
[INFO] 19:48:20:495 CLIENTE/(4535:4535): 4444
